<?xml version="1.0" encoding="UTF-8"?>
<testsuite name="com.detroitlabs.CryptoQuip.data.PhraseRepositoryTest" tests="2" skipped="0" failures="0" errors="0" timestamp="2022-04-07T19:11:30" hostname="RUQAYYAHs-MacBook-Pro.local" time="0.081">
  <properties/>
  <testcase name="expecting_true_answer()" classname="com.detroitlabs.CryptoQuip.data.PhraseRepositoryTest" time="0.018"/>
  <testcase name="shuffleString()" classname="com.detroitlabs.CryptoQuip.data.PhraseRepositoryTest" time="0.002"/>
  <system-out><![CDATA[15:11:30.295 [Test worker] DEBUG org.springframework.web.client.RestTemplate - HTTP GET https://ron-swanson-quotes.herokuapp.com/v2/quotes
15:11:30.306 [Test worker] DEBUG org.springframework.web.client.RestTemplate - Accept=[application/json, application/*+json]
15:11:30.686 [Test worker] DEBUG org.springframework.web.client.RestTemplate - Response 200 OK
15:11:30.689 [Test worker] DEBUG org.springframework.web.client.RestTemplate - Reading to [java.lang.String[]]
VEGANISM IS THE SAD RESULT OF A 
MORALLY CORRUPT MIND. RECONSIDER YOUR LIFE. 
15:11:30.730 [Test worker] DEBUG org.springframework.web.client.RestTemplate - HTTP GET https://ron-swanson-quotes.herokuapp.com/v2/quotes
15:11:30.730 [Test worker] DEBUG org.springframework.web.client.RestTemplate - Accept=[application/json, application/*+json]
15:11:30.776 [Test worker] DEBUG org.springframework.web.client.RestTemplate - Response 200 OK
15:11:30.776 [Test worker] DEBUG org.springframework.web.client.RestTemplate - Reading to [java.lang.String[]]
JUST GIVE ME ALL THE BACON AND EGGS 
YOU HAVE. WAIT...WAIT. I WORRY WHAT YOU JUST HEARD WAS: GIVE ME A LOT OF BACON AND EGGS. WHAT I SAID WAS: GIVE ME ALL THE BACON AND EGGS YOU HAVE. DO YOU UNDERSTAND? 
JUST GIVE ME ALL THE BACON AND EGGS 
YOU HAVE. WAIT...WAIT. I WORRY WHAT 
YOU JUST HEARD WAS: GIVE ME A LOT OF BACON AND EGGS. WHAT I SAID WAS: GIVE ME ALL THE BACON AND EGGS YOU HAVE. DO YOU UNDERSTAND? 
JUST GIVE ME ALL THE BACON AND EGGS 
YOU HAVE. WAIT...WAIT. I WORRY WHAT 
YOU JUST HEARD WAS: GIVE ME A LOT 
OF BACON AND EGGS. WHAT I SAID WAS: GIVE ME ALL THE BACON AND EGGS YOU HAVE. DO YOU UNDERSTAND? 
JUST GIVE ME ALL THE BACON AND EGGS 
YOU HAVE. WAIT...WAIT. I WORRY WHAT 
YOU JUST HEARD WAS: GIVE ME A LOT 
OF BACON AND EGGS. WHAT I SAID WAS: 
GIVE ME ALL THE BACON AND EGGS YOU HAVE. DO YOU UNDERSTAND? 
JUST GIVE ME ALL THE BACON AND EGGS 
YOU HAVE. WAIT...WAIT. I WORRY WHAT 
YOU JUST HEARD WAS: GIVE ME A LOT 
OF BACON AND EGGS. WHAT I SAID WAS: 
GIVE ME ALL THE BACON AND EGGS YOU 
HAVE. DO YOU UNDERSTAND? 
Result:ete a!We agrr
]]></system-out>
  <system-err><![CDATA[]]></system-err>
</testsuite>
